[2026-07-02T08:20:18][ERROR] PDOException: SQLSTATE[42S02]: Base table or view not found: 1146 Table 'librenms.config' doesn't exist in /opt/librenms/vendor/laravel/framework/src/Illuminate/Database/Connection.php:420
Stack trace:
#0 /opt/librenms/vendor/laravel/framework/src/Illuminate/Database/Connection.php(420): PDO->prepare()
#1 /opt/librenms/vendor/laravel/framework/src/Illuminate/Database/Connection.php(827): Illuminate\Database\Connection->{closure:Illuminate\Database\Connection::select():411}()
#2 /opt/librenms/vendor/laravel/framework/src/Illuminate/Database/Connection.php(794): Illuminate\Database\Connection->runQueryCallback()
#3 /opt/librenms/vendor/laravel/framework/src/Illuminate/Database/Connection.php(411): Illuminate\Database\Connection->run()
#4 /opt/librenms/vendor/laravel/framework/src/Illuminate/Database/Query/Builder.php(3505): Illuminate\Database\Connection->select()
#5 /opt/librenms/vendor/laravel/framework/src/Illuminate/Database/Query/Builder.php(3490): Illuminate\Database\Query\Builder->runSelect()
#6 /opt/librenms/vendor/laravel/framework/src/Illuminate/Database/Query/Builder.php(4080): Illuminate\Database\Query\Builder->{closure:Illuminate\Database\Query\Builder::get():3489}()
#7 /opt/librenms/vendor/laravel/framework/src/Illuminate/Database/Query/Builder.php(3489): Illuminate\Database\Query\Builder->onceWithColumns()
#8 /opt/librenms/vendor/laravel/framework/src/Illuminate/Database/Eloquent/Builder.php(902): Illuminate\Database\Query\Builder->get()
#9 /opt/librenms/vendor/laravel/framework/src/Illuminate/Database/Eloquent/Builder.php(884): Illuminate\Database\Eloquent\Builder->getModels()
#10 /opt/librenms/vendor/laravel/framework/src/Illuminate/Database/Concerns/BuildsQueries.php(366): Illuminate\Database\Eloquent\Builder->get()
#11 /opt/librenms/vendor/laravel/framework/src/Illuminate/Database/Eloquent/Builder.php(708): Illuminate\Database\Eloquent\Builder->first()
#12 /opt/librenms/vendor/laravel/framework/src/Illuminate/Database/Eloquent/Builder.php(740): Illuminate\Database\Eloquent\Builder->firstOrCreate()
#13 /opt/librenms/vendor/laravel/framework/src/Illuminate/Support/Traits/ForwardsCalls.php(23): Illuminate\Database\Eloquent\Builder->updateOrCreate()
#14 /opt/librenms/vendor/laravel/framework/src/Illuminate/Database/Eloquent/Model.php(2540): Illuminate\Database\Eloquent\Model->forwardCallTo()
#15 /opt/librenms/vendor/laravel/framework/src/Illuminate/Database/Eloquent/Model.php(2556): Illuminate\Database\Eloquent\Model->__call()
#16 /opt/librenms/app/ConfigRepository.php(227): Illuminate\Database\Eloquent\Model::__callStatic()
#17 /opt/librenms/app/ConfigRepository.php(454): App\ConfigRepository->persist()
#18 /opt/librenms/app/ConfigRepository.php(65): App\ConfigRepository->loadPostUserConfigDefaults()
#19 /opt/librenms/vendor/laravel/framework/src/Illuminate/Cache/Repository.php(564): App\ConfigRepository->{closure:App\ConfigRepository::__construct():58}()
#20 /opt/librenms/app/ConfigRepository.php(58): Illuminate\Cache\Repository->remember()
#21 /opt/librenms/app/Providers/ConfigServiceProvider.php(19): App\ConfigRepository->__construct()
#22 /opt/librenms/vendor/laravel/framework/src/Illuminate/Container/Container.php(1115): App\Providers\ConfigServiceProvider->{closure:App\Providers\ConfigServiceProvider::register():19}()
#23 /opt/librenms/vendor/laravel/framework/src/Illuminate/Container/Container.php(933): Illuminate\Container\Container->build()
#24 /opt/librenms/vendor/laravel/framework/src/Illuminate/Foundation/Application.php(1078): Illuminate\Container\Container->resolve()
#25 /opt/librenms/vendor/laravel/framework/src/Illuminate/Container/Container.php(864): Illuminate\Foundation\Application->resolve()
#26 /opt/librenms/vendor/laravel/framework/src/Illuminate/Foundation/Application.php(1058): Illuminate\Container\Container->make()
#27 /opt/librenms/vendor/laravel/framework/src/Illuminate/Container/Container.php(1805): Illuminate\Foundation\Application->make()
#28 /opt/librenms/vendor/laravel/framework/src/Illuminate/Support/Facades/Facade.php(240): Illuminate\Container\Container->offsetGet()
#29 /opt/librenms/vendor/laravel/framework/src/Illuminate/Support/Facades/Facade.php(211): Illuminate\Support\Facades\Facade::resolveFacadeInstance()
#30 /opt/librenms/vendor/laravel/framework/src/Illuminate/Support/Facades/Facade.php(357): Illuminate\Support\Facades\Facade::getFacadeRoot()
#31 /opt/librenms/routes/console.php(182): Illuminate\Support\Facades\Facade::__callStatic()
#32 /opt/librenms/vendor/laravel/framework/src/Illuminate/Foundation/Console/Kernel.php(523): require('...')
#33 /opt/librenms/vendor/laravel/framework/src/Illuminate/Foundation/Console/Kernel.php(503): Illuminate\Foundation\Console\Kernel->discoverCommands()
#34 /opt/librenms/LibreNMS/Util/Laravel.php(46): Illuminate\Foundation\Console\Kernel->bootstrap()
#35 /opt/librenms/includes/init.php(83): LibreNMS\Util\Laravel::bootCli()
#36 /opt/librenms/syslog.php(12): require('...')
#37 {main}

Next Illuminate\Database\QueryException: SQLSTATE[42S02]: Base table or view not found: 1146 Table 'librenms.config' doesn't exist (Connection: mysql, Host: 127.0.0.1, Port: 3306, Database: librenms, SQL: select * from `config` where (`config_name` = device_display_default) limit 1) in /opt/librenms/vendor/laravel/framework/src/Illuminate/Database/Connection.php:838
Stack trace:
#0 /opt/librenms/vendor/laravel/framework/src/Illuminate/Database/Connection.php(794): Illuminate\Database\Connection->runQueryCallback()
#1 /opt/librenms/vendor/laravel/framework/src/Illuminate/Database/Connection.php(411): Illuminate\Database\Connection->run()
#2 /opt/librenms/vendor/laravel/framework/src/Illuminate/Database/Query/Builder.php(3505): Illuminate\Database\Connection->select()
#3 /opt/librenms/vendor/laravel/framework/src/Illuminate/Database/Query/Builder.php(3490): Illuminate\Database\Query\Builder->runSelect()
#4 /opt/librenms/vendor/laravel/framework/src/Illuminate/Database/Query/Builder.php(4080): Illuminate\Database\Query\Builder->{closure:Illuminate\Database\Query\Builder::get():3489}()
#5 /opt/librenms/vendor/laravel/framework/src/Illuminate/Database/Query/Builder.php(3489): Illuminate\Database\Query\Builder->onceWithColumns()
#6 /opt/librenms/vendor/laravel/framework/src/Illuminate/Database/Eloquent/Builder.php(902): Illuminate\Database\Query\Builder->get()
#7 /opt/librenms/vendor/laravel/framework/src/Illuminate/Database/Eloquent/Builder.php(884): Illuminate\Database\Eloquent\Builder->getModels()
#8 /opt/librenms/vendor/laravel/framework/src/Illuminate/Database/Concerns/BuildsQueries.php(366): Illuminate\Database\Eloquent\Builder->get()
#9 /opt/librenms/vendor/laravel/framework/src/Illuminate/Database/Eloquent/Builder.php(708): Illuminate\Database\Eloquent\Builder->first()
#10 /opt/librenms/vendor/laravel/framework/src/Illuminate/Database/Eloquent/Builder.php(740): Illuminate\Database\Eloquent\Builder->firstOrCreate()
#11 /opt/librenms/vendor/laravel/framework/src/Illuminate/Support/Traits/ForwardsCalls.php(23): Illuminate\Database\Eloquent\Builder->updateOrCreate()
#12 /opt/librenms/vendor/laravel/framework/src/Illuminate/Database/Eloquent/Model.php(2540): Illuminate\Database\Eloquent\Model->forwardCallTo()
#13 /opt/librenms/vendor/laravel/framework/src/Illuminate/Database/Eloquent/Model.php(2556): Illuminate\Database\Eloquent\Model->__call()
#14 /opt/librenms/app/ConfigRepository.php(227): Illuminate\Database\Eloquent\Model::__callStatic()
#15 /opt/librenms/app/ConfigRepository.php(454): App\ConfigRepository->persist()
#16 /opt/librenms/app/ConfigRepository.php(65): App\ConfigRepository->loadPostUserConfigDefaults()
#17 /opt/librenms/vendor/laravel/framework/src/Illuminate/Cache/Repository.php(564): App\ConfigRepository->{closure:App\ConfigRepository::__construct():58}()
#18 /opt/librenms/app/ConfigRepository.php(58): Illuminate\Cache\Repository->remember()
#19 /opt/librenms/app/Providers/ConfigServiceProvider.php(19): App\ConfigRepository->__construct()
#20 /opt/librenms/vendor/laravel/framework/src/Illuminate/Container/Container.php(1115): App\Providers\ConfigServiceProvider->{closure:App\Providers\ConfigServiceProvider::register():19}()
#21 /opt/librenms/vendor/laravel/framework/src/Illuminate/Container/Container.php(933): Illuminate\Container\Container->build()
#22 /opt/librenms/vendor/laravel/framework/src/Illuminate/Foundation/Application.php(1078): Illuminate\Container\Container->resolve()
#23 /opt/librenms/vendor/laravel/framework/src/Illuminate/Container/Container.php(864): Illuminate\Foundation\Application->resolve()
#24 /opt/librenms/vendor/laravel/framework/src/Illuminate/Foundation/Application.php(1058): Illuminate\Container\Container->make()
#25 /opt/librenms/vendor/laravel/framework/src/Illuminate/Container/Container.php(1805): Illuminate\Foundation\Application->make()
#26 /opt/librenms/vendor/laravel/framework/src/Illuminate/Support/Facades/Facade.php(240): Illuminate\Container\Container->offsetGet()
#27 /opt/librenms/vendor/laravel/framework/src/Illuminate/Support/Facades/Facade.php(211): Illuminate\Support\Facades\Facade::resolveFacadeInstance()
#28 /opt/librenms/vendor/laravel/framework/src/Illuminate/Support/Facades/Facade.php(357): Illuminate\Support\Facades\Facade::getFacadeRoot()
#29 /opt/librenms/routes/console.php(182): Illuminate\Support\Facades\Facade::__callStatic()
#30 /opt/librenms/vendor/laravel/framework/src/Illuminate/Foundation/Console/Kernel.php(523): require('...')
#31 /opt/librenms/vendor/laravel/framework/src/Illuminate/Foundation/Console/Kernel.php(503): Illuminate\Foundation\Console\Kernel->discoverCommands()
#32 /opt/librenms/LibreNMS/Util/Laravel.php(46): Illuminate\Foundation\Console\Kernel->bootstrap()
#33 /opt/librenms/includes/init.php(83): LibreNMS\Util\Laravel::bootCli()
#34 /opt/librenms/syslog.php(12): require('...')
#35 {main}  
[2026-07-02T08:20:18][ERROR] PDOException: SQLSTATE[42S02]: Base table or view not found: 1146 Table 'librenms.config' doesn't exist in /opt/librenms/vendor/laravel/framework/src/Illuminate/Database/Connection.php:420
Stack trace:
#0 /opt/librenms/vendor/laravel/framework/src/Illuminate/Database/Connection.php(420): PDO->prepare()
#1 /opt/librenms/vendor/laravel/framework/src/Illuminate/Database/Connection.php(827): Illuminate\Database\Connection->{closure:Illuminate\Database\Connection::select():411}()
#2 /opt/librenms/vendor/laravel/framework/src/Illuminate/Database/Connection.php(794): Illuminate\Database\Connection->runQueryCallback()
#3 /opt/librenms/vendor/laravel/framework/src/Illuminate/Database/Connection.php(411): Illuminate\Database\Connection->run()
#4 /opt/librenms/vendor/laravel/framework/src/Illuminate/Database/Query/Builder.php(3505): Illuminate\Database\Connection->select()
#5 /opt/librenms/vendor/laravel/framework/src/Illuminate/Database/Query/Builder.php(3490): Illuminate\Database\Query\Builder->runSelect()
#6 /opt/librenms/vendor/laravel/framework/src/Illuminate/Database/Query/Builder.php(4080): Illuminate\Database\Query\Builder->{closure:Illuminate\Database\Query\Builder::get():3489}()
#7 /opt/librenms/vendor/laravel/framework/src/Illuminate/Database/Query/Builder.php(3489): Illuminate\Database\Query\Builder->onceWithColumns()
#8 /opt/librenms/vendor/laravel/framework/src/Illuminate/Database/Eloquent/Builder.php(902): Illuminate\Database\Query\Builder->get()
#9 /opt/librenms/vendor/laravel/framework/src/Illuminate/Database/Eloquent/Builder.php(884): Illuminate\Database\Eloquent\Builder->getModels()
#10 /opt/librenms/vendor/laravel/framework/src/Illuminate/Database/Concerns/BuildsQueries.php(366): Illuminate\Database\Eloquent\Builder->get()
#11 /opt/librenms/vendor/laravel/framework/src/Illuminate/Database/Eloquent/Builder.php(708): Illuminate\Database\Eloquent\Builder->first()
#12 /opt/librenms/vendor/laravel/framework/src/Illuminate/Database/Eloquent/Builder.php(740): Illuminate\Database\Eloquent\Builder->firstOrCreate()
#13 /opt/librenms/vendor/laravel/framework/src/Illuminate/Support/Traits/ForwardsCalls.php(23): Illuminate\Database\Eloquent\Builder->updateOrCreate()
#14 /opt/librenms/vendor/laravel/framework/src/Illuminate/Database/Eloquent/Model.php(2540): Illuminate\Database\Eloquent\Model->forwardCallTo()
#15 /opt/librenms/vendor/laravel/framework/src/Illuminate/Database/Eloquent/Model.php(2556): Illuminate\Database\Eloquent\Model->__call()
#16 /opt/librenms/app/ConfigRepository.php(227): Illuminate\Database\Eloquent\Model::__callStatic()
#17 /opt/librenms/app/ConfigRepository.php(460): App\ConfigRepository->persist()
#18 /opt/librenms/app/ConfigRepository.php(65): App\ConfigRepository->loadPostUserConfigDefaults()
#19 /opt/librenms/vendor/laravel/framework/src/Illuminate/Cache/Repository.php(564): App\ConfigRepository->{closure:App\ConfigRepository::__construct():58}()
#20 /opt/librenms/app/ConfigRepository.php(58): Illuminate\Cache\Repository->remember()
#21 /opt/librenms/app/Providers/ConfigServiceProvider.php(19): App\ConfigRepository->__construct()
#22 /opt/librenms/vendor/laravel/framework/src/Illuminate/Container/Container.php(1115): App\Providers\ConfigServiceProvider->{closure:App\Providers\ConfigServiceProvider::register():19}()
#23 /opt/librenms/vendor/laravel/framework/src/Illuminate/Container/Container.php(933): Illuminate\Container\Container->build()
#24 /opt/librenms/vendor/laravel/framework/src/Illuminate/Foundation/Application.php(1078): Illuminate\Container\Container->resolve()
#25 /opt/librenms/vendor/laravel/framework/src/Illuminate/Container/Container.php(864): Illuminate\Foundation\Application->resolve()
#26 /opt/librenms/vendor/laravel/framework/src/Illuminate/Foundation/Application.php(1058): Illuminate\Container\Container->make()
#27 /opt/librenms/vendor/laravel/framework/src/Illuminate/Container/Container.php(1805): Illuminate\Foundation\Application->make()
#28 /opt/librenms/vendor/laravel/framework/src/Illuminate/Support/Facades/Facade.php(240): Illuminate\Container\Container->offsetGet()
#29 /opt/librenms/vendor/laravel/framework/src/Illuminate/Support/Facades/Facade.php(211): Illuminate\Support\Facades\Facade::resolveFacadeInstance()
#30 /opt/librenms/vendor/laravel/framework/src/Illuminate/Support/Facades/Facade.php(357): Illuminate\Support\Facades\Facade::getFacadeRoot()
#31 /opt/librenms/routes/console.php(182): Illuminate\Support\Facades\Facade::__callStatic()
#32 /opt/librenms/vendor/laravel/framework/src/Illuminate/Foundation/Console/Kernel.php(523): require('...')
#33 /opt/librenms/vendor/laravel/framework/src/Illuminate/Foundation/Console/Kernel.php(503): Illuminate\Foundation\Console\Kernel->discoverCommands()
#34 /opt/librenms/LibreNMS/Util/Laravel.php(46): Illuminate\Foundation\Console\Kernel->bootstrap()
#35 /opt/librenms/includes/init.php(83): LibreNMS\Util\Laravel::bootCli()
#36 /opt/librenms/syslog.php(12): require('...')
#37 {main}

Next Illuminate\Database\QueryException: SQLSTATE[42S02]: Base table or view not found: 1146 Table 'librenms.config' doesn't exist (Connection: mysql, Host: 127.0.0.1, Port: 3306, Database: librenms, SQL: select * from `config` where (`config_name` = fping) limit 1) in /opt/librenms/vendor/laravel/framework/src/Illuminate/Database/Connection.php:838
Stack trace:
#0 /opt/librenms/vendor/laravel/framework/src/Illuminate/Database/Connection.php(794): Illuminate\Database\Connection->runQueryCallback()
#1 /opt/librenms/vendor/laravel/framework/src/Illuminate/Database/Connection.php(411): Illuminate\Database\Connection->run()
#2 /opt/librenms/vendor/laravel/framework/src/Illuminate/Database/Query/Builder.php(3505): Illuminate\Database\Connection->select()
#3 /opt/librenms/vendor/laravel/framework/src/Illuminate/Database/Query/Builder.php(3490): Illuminate\Database\Query\Builder->runSelect()
#4 /opt/librenms/vendor/laravel/framework/src/Illuminate/Database/Query/Builder.php(4080): Illuminate\Database\Query\Builder->{closure:Illuminate\Database\Query\Builder::get():3489}()
#5 /opt/librenms/vendor/laravel/framework/src/Illuminate/Database/Query/Builder.php(3489): Illuminate\Database\Query\Builder->onceWithColumns()
#6 /opt/librenms/vendor/laravel/framework/src/Illuminate/Database/Eloquent/Builder.php(902): Illuminate\Database\Query\Builder->get()
#7 /opt/librenms/vendor/laravel/framework/src/Illuminate/Database/Eloquent/Builder.php(884): Illuminate\Database\Eloquent\Builder->getModels()
#8 /opt/librenms/vendor/laravel/framework/src/Illuminate/Database/Concerns/BuildsQueries.php(366): Illuminate\Database\Eloquent\Builder->get()
#9 /opt/librenms/vendor/laravel/framework/src/Illuminate/Database/Eloquent/Builder.php(708): Illuminate\Database\Eloquent\Builder->first()
#10 /opt/librenms/vendor/laravel/framework/src/Illuminate/Database/Eloquent/Builder.php(740): Illuminate\Database\Eloquent\Builder->firstOrCreate()
#11 /opt/librenms/vendor/laravel/framework/src/Illuminate/Support/Traits/ForwardsCalls.php(23): Illuminate\Database\Eloquent\Builder->updateOrCreate()
#12 /opt/librenms/vendor/laravel/framework/src/Illuminate/Database/Eloquent/Model.php(2540): Illuminate\Database\Eloquent\Model->forwardCallTo()
#13 /opt/librenms/vendor/laravel/framework/src/Illuminate/Database/Eloquent/Model.php(2556): Illuminate\Database\Eloquent\Model->__call()
#14 /opt/librenms/app/ConfigRepository.php(227): Illuminate\Database\Eloquent\Model::__callStatic()
#15 /opt/librenms/app/ConfigRepository.php(460): App\ConfigRepository->persist()
#16 /opt/librenms/app/ConfigRepository.php(65): App\ConfigRepository->loadPostUserConfigDefaults()
#17 /opt/librenms/vendor/laravel/framework/src/Illuminate/Cache/Repository.php(564): App\ConfigRepository->{closure:App\ConfigRepository::__construct():58}()
#18 /opt/librenms/app/ConfigRepository.php(58): Illuminate\Cache\Repository->remember()
#19 /opt/librenms/app/Providers/ConfigServiceProvider.php(19): App\ConfigRepository->__construct()
#20 /opt/librenms/vendor/laravel/framework/src/Illuminate/Container/Container.php(1115): App\Providers\ConfigServiceProvider->{closure:App\Providers\ConfigServiceProvider::register():19}()
#21 /opt/librenms/vendor/laravel/framework/src/Illuminate/Container/Container.php(933): Illuminate\Container\Container->build()
#22 /opt/librenms/vendor/laravel/framework/src/Illuminate/Foundation/Application.php(1078): Illuminate\Container\Container->resolve()
#23 /opt/librenms/vendor/laravel/framework/src/Illuminate/Container/Container.php(864): Illuminate\Foundation\Application->resolve()
#24 /opt/librenms/vendor/laravel/framework/src/Illuminate/Foundation/Application.php(1058): Illuminate\Container\Container->make()
#25 /opt/librenms/vendor/laravel/framework/src/Illuminate/Container/Container.php(1805): Illuminate\Foundation\Application->make()
#26 /opt/librenms/vendor/laravel/framework/src/Illuminate/Support/Facades/Facade.php(240): Illuminate\Container\Container->offsetGet()
#27 /opt/librenms/vendor/laravel/framework/src/Illuminate/Support/Facades/Facade.php(211): Illuminate\Support\Facades\Facade::resolveFacadeInstance()
#28 /opt/librenms/vendor/laravel/framework/src/Illuminate/Support/Facades/Facade.php(357): Illuminate\Support\Facades\Facade::getFacadeRoot()
#29 /opt/librenms/routes/console.php(182): Illuminate\Support\Facades\Facade::__callStatic()
#30 /opt/librenms/vendor/laravel/framework/src/Illuminate/Foundation/Console/Kernel.php(523): require('...')
#31 /opt/librenms/vendor/laravel/framework/src/Illuminate/Foundation/Console/Kernel.php(503): Illuminate\Foundation\Console\Kernel->discoverCommands()
#32 /opt/librenms/LibreNMS/Util/Laravel.php(46): Illuminate\Foundation\Console\Kernel->bootstrap()
#33 /opt/librenms/includes/init.php(83): LibreNMS\Util\Laravel::bootCli()
#34 /opt/librenms/syslog.php(12): require('...')
#35 {main}  
[2026-07-02T08:20:18][ERROR] PDOException: SQLSTATE[42S02]: Base table or view not found: 1146 Table 'librenms.config' doesn't exist in /opt/librenms/vendor/laravel/framework/src/Illuminate/Database/Connection.php:420
Stack trace:
#0 /opt/librenms/vendor/laravel/framework/src/Illuminate/Database/Connection.php(420): PDO->prepare()
#1 /opt/librenms/vendor/laravel/framework/src/Illuminate/Database/Connection.php(827): Illuminate\Database\Connection->{closure:Illuminate\Database\Connection::select():411}()
#2 /opt/librenms/vendor/laravel/framework/src/Illuminate/Database/Connection.php(794): Illuminate\Database\Connection->runQueryCallback()
#3 /opt/librenms/vendor/laravel/framework/src/Illuminate/Database/Connection.php(411): Illuminate\Database\Connection->run()
#4 /opt/librenms/vendor/laravel/framework/src/Illuminate/Database/Query/Builder.php(3505): Illuminate\Database\Connection->select()
#5 /opt/librenms/vendor/laravel/framework/src/Illuminate/Database/Query/Builder.php(3490): Illuminate\Database\Query\Builder->runSelect()
#6 /opt/librenms/vendor/laravel/framework/src/Illuminate/Database/Query/Builder.php(4080): Illuminate\Database\Query\Builder->{closure:Illuminate\Database\Query\Builder::get():3489}()
#7 /opt/librenms/vendor/laravel/framework/src/Illuminate/Database/Query/Builder.php(3489): Illuminate\Database\Query\Builder->onceWithColumns()
#8 /opt/librenms/vendor/laravel/framework/src/Illuminate/Database/Eloquent/Builder.php(902): Illuminate\Database\Query\Builder->get()
#9 /opt/librenms/vendor/laravel/framework/src/Illuminate/Database/Eloquent/Builder.php(884): Illuminate\Database\Eloquent\Builder->getModels()
#10 /opt/librenms/vendor/laravel/framework/src/Illuminate/Database/Concerns/BuildsQueries.php(366): Illuminate\Database\Eloquent\Builder->get()
#11 /opt/librenms/vendor/laravel/framework/src/Illuminate/Database/Eloquent/Builder.php(708): Illuminate\Database\Eloquent\Builder->first()
#12 /opt/librenms/vendor/laravel/framework/src/Illuminate/Database/Eloquent/Builder.php(740): Illuminate\Database\Eloquent\Builder->firstOrCreate()
#13 /opt/librenms/vendor/laravel/framework/src/Illuminate/Support/Traits/ForwardsCalls.php(23): Illuminate\Database\Eloquent\Builder->updateOrCreate()
#14 /opt/librenms/vendor/laravel/framework/src/Illuminate/Database/Eloquent/Model.php(2540): Illuminate\Database\Eloquent\Model->forwardCallTo()
#15 /opt/librenms/vendor/laravel/framework/src/Illuminate/Database/Eloquent/Model.php(2556): Illuminate\Database\Eloquent\Model->__call()
#16 /opt/librenms/app/ConfigRepository.php(227): Illuminate\Database\Eloquent\Model::__callStatic()
#17 /opt/librenms/app/ConfigRepository.php(460): App\ConfigRepository->persist()
#18 /opt/librenms/app/ConfigRepository.php(65): App\ConfigRepository->loadPostUserConfigDefaults()
#19 /opt/librenms/vendor/laravel/framework/src/Illuminate/Cache/Repository.php(564): App\ConfigRepository->{closure:App\ConfigRepository::__construct():58}()
#20 /opt/librenms/app/ConfigRepository.php(58): Illuminate\Cache\Repository->remember()
#21 /opt/librenms/app/Providers/ConfigServiceProvider.php(19): App\ConfigRepository->__construct()
#22 /opt/librenms/vendor/laravel/framework/src/Illuminate/Container/Container.php(1115): App\Providers\ConfigServiceProvider->{closure:App\Providers\ConfigServiceProvider::register():19}()
#23 /opt/librenms/vendor/laravel/framework/src/Illuminate/Container/Container.php(933): Illuminate\Container\Container->build()
#24 /opt/librenms/vendor/laravel/framework/src/Illuminate/Foundation/Application.php(1078): Illuminate\Container\Container->resolve()
#25 /opt/librenms/vendor/laravel/framework/src/Illuminate/Container/Container.php(864): Illuminate\Foundation\Application->resolve()
#26 /opt/librenms/vendor/laravel/framework/src/Illuminate/Foundation/Application.php(1058): Illuminate\Container\Container->make()
#27 /opt/librenms/vendor/laravel/framework/src/Illuminate/Container/Container.php(1805): Illuminate\Foundation\Application->make()
#28 /opt/librenms/vendor/laravel/framework/src/Illuminate/Support/Facades/Facade.php(240): Illuminate\Container\Container->offsetGet()
#29 /opt/librenms/vendor/laravel/framework/src/Illuminate/Support/Facades/Facade.php(211): Illuminate\Support\Facades\Facade::resolveFacadeInstance()
#30 /opt/librenms/vendor/laravel/framework/src/Illuminate/Support/Facades/Facade.php(357): Illuminate\Support\Facades\Facade::getFacadeRoot()
#31 /opt/librenms/routes/console.php(182): Illuminate\Support\Facades\Facade::__callStatic()
#32 /opt/librenms/vendor/laravel/framework/src/Illuminate/Foundation/Console/Kernel.php(523): require('...')
#33 /opt/librenms/vendor/laravel/framework/src/Illuminate/Foundation/Console/Kernel.php(503): Illuminate\Foundation\Console\Kernel->discoverCommands()
#34 /opt/librenms/LibreNMS/Util/Laravel.php(46): Illuminate\Foundation\Console\Kernel->bootstrap()
#35 /opt/librenms/includes/init.php(83): LibreNMS\Util\Laravel::bootCli()
#36 /opt/librenms/syslog.php(12): require('...')
#37 {main}

Next Illuminate\Database\QueryException: SQLSTATE[42S02]: Base table or view not found: 1146 Table 'librenms.config' doesn't exist (Connection: mysql, Host: 127.0.0.1, Port: 3306, Database: librenms, SQL: select * from `config` where (`config_name` = fping6) limit 1) in /opt/librenms/vendor/laravel/framework/src/Illuminate/Database/Connection.php:838
Stack trace:
#0 /opt/librenms/vendor/laravel/framework/src/Illuminate/Database/Connection.php(794): Illuminate\Database\Connection->runQueryCallback()
#1 /opt/librenms/vendor/laravel/framework/src/Illuminate/Database/Connection.php(411): Illuminate\Database\Connection->run()
#2 /opt/librenms/vendor/laravel/framework/src/Illuminate/Database/Query/Builder.php(3505): Illuminate\Database\Connection->select()
#3 /opt/librenms/vendor/laravel/framework/src/Illuminate/Database/Query/Builder.php(3490): Illuminate\Database\Query\Builder->runSelect()
#4 /opt/librenms/vendor/laravel/framework/src/Illuminate/Database/Query/Builder.php(4080): Illuminate\Database\Query\Builder->{closure:Illuminate\Database\Query\Builder::get():3489}()
#5 /opt/librenms/vendor/laravel/framework/src/Illuminate/Database/Query/Builder.php(3489): Illuminate\Database\Query\Builder->onceWithColumns()
#6 /opt/librenms/vendor/laravel/framework/src/Illuminate/Database/Eloquent/Builder.php(902): Illuminate\Database\Query\Builder->get()
#7 /opt/librenms/vendor/laravel/framework/src/Illuminate/Database/Eloquent/Builder.php(884): Illuminate\Database\Eloquent\Builder->getModels()
#8 /opt/librenms/vendor/laravel/framework/src/Illuminate/Database/Concerns/BuildsQueries.php(366): Illuminate\Database\Eloquent\Builder->get()
#9 /opt/librenms/vendor/laravel/framework/src/Illuminate/Database/Eloquent/Builder.php(708): Illuminate\Database\Eloquent\Builder->first()
#10 /opt/librenms/vendor/laravel/framework/src/Illuminate/Database/Eloquent/Builder.php(740): Illuminate\Database\Eloquent\Builder->firstOrCreate()
#11 /opt/librenms/vendor/laravel/framework/src/Illuminate/Support/Traits/ForwardsCalls.php(23): Illuminate\Database\Eloquent\Builder->updateOrCreate()
#12 /opt/librenms/vendor/laravel/framework/src/Illuminate/Database/Eloquent/Model.php(2540): Illuminate\Database\Eloquent\Model->forwardCallTo()
#13 /opt/librenms/vendor/laravel/framework/src/Illuminate/Database/Eloquent/Model.php(2556): Illuminate\Database\Eloquent\Model->__call()
#14 /opt/librenms/app/ConfigRepository.php(227): Illuminate\Database\Eloquent\Model::__callStatic()
#15 /opt/librenms/app/ConfigRepository.php(460): App\ConfigRepository->persist()
#16 /opt/librenms/app/ConfigRepository.php(65): App\ConfigRepository->loadPostUserConfigDefaults()
#17 /opt/librenms/vendor/laravel/framework/src/Illuminate/Cache/Repository.php(564): App\ConfigRepository->{closure:App\ConfigRepository::__construct():58}()
#18 /opt/librenms/app/ConfigRepository.php(58): Illuminate\Cache\Repository->remember()
#19 /opt/librenms/app/Providers/ConfigServiceProvider.php(19): App\ConfigRepository->__construct()
#20 /opt/librenms/vendor/laravel/framework/src/Illuminate/Container/Container.php(1115): App\Providers\ConfigServiceProvider->{closure:App\Providers\ConfigServiceProvider::register():19}()
#21 /opt/librenms/vendor/laravel/framework/src/Illuminate/Container/Container.php(933): Illuminate\Container\Container->build()
#22 /opt/librenms/vendor/laravel/framework/src/Illuminate/Foundation/Application.php(1078): Illuminate\Container\Container->resolve()
#23 /opt/librenms/vendor/laravel/framework/src/Illuminate/Container/Container.php(864): Illuminate\Foundation\Application->resolve()
#24 /opt/librenms/vendor/laravel/framework/src/Illuminate/Foundation/Application.php(1058): Illuminate\Container\Container->make()
#25 /opt/librenms/vendor/laravel/framework/src/Illuminate/Container/Container.php(1805): Illuminate\Foundation\Application->make()
#26 /opt/librenms/vendor/laravel/framework/src/Illuminate/Support/Facades/Facade.php(240): Illuminate\Container\Container->offsetGet()
#27 /opt/librenms/vendor/laravel/framework/src/Illuminate/Support/Facades/Facade.php(211): Illuminate\Support\Facades\Facade::resolveFacadeInstance()
#28 /opt/librenms/vendor/laravel/framework/src/Illuminate/Support/Facades/Facade.php(357): Illuminate\Support\Facades\Facade::getFacadeRoot()
#29 /opt/librenms/routes/console.php(182): Illuminate\Support\Facades\Facade::__callStatic()
#30 /opt/librenms/vendor/laravel/framework/src/Illuminate/Foundation/Console/Kernel.php(523): require('...')
#31 /opt/librenms/vendor/laravel/framework/src/Illuminate/Foundation/Console/Kernel.php(503): Illuminate\Foundation\Console\Kernel->discoverCommands()
#32 /opt/librenms/LibreNMS/Util/Laravel.php(46): Illuminate\Foundation\Console\Kernel->bootstrap()
#33 /opt/librenms/includes/init.php(83): LibreNMS\Util\Laravel::bootCli()
#34 /opt/librenms/syslog.php(12): require('...')
#35 {main}  
[2026-07-02T08:20:18][ERROR] PDOException: SQLSTATE[42S02]: Base table or view not found: 1146 Table 'librenms.config' doesn't exist in /opt/librenms/vendor/laravel/framework/src/Illuminate/Database/Connection.php:420
Stack trace:
#0 /opt/librenms/vendor/laravel/framework/src/Illuminate/Database/Connection.php(420): PDO->prepare()
#1 /opt/librenms/vendor/laravel/framework/src/Illuminate/Database/Connection.php(827): Illuminate\Database\Connection->{closure:Illuminate\Database\Connection::select():411}()
#2 /opt/librenms/vendor/laravel/framework/src/Illuminate/Database/Connection.php(794): Illuminate\Database\Connection->runQueryCallback()
#3 /opt/librenms/vendor/laravel/framework/src/Illuminate/Database/Connection.php(411): Illuminate\Database\Connection->run()
#4 /opt/librenms/vendor/laravel/framework/src/Illuminate/Database/Query/Builder.php(3505): Illuminate\Database\Connection->select()
#5 /opt/librenms/vendor/laravel/framework/src/Illuminate/Database/Query/Builder.php(3490): Illuminate\Database\Query\Builder->runSelect()
#6 /opt/librenms/vendor/laravel/framework/src/Illuminate/Database/Query/Builder.php(4080): Illuminate\Database\Query\Builder->{closure:Illuminate\Database\Query\Builder::get():3489}()
#7 /opt/librenms/vendor/laravel/framework/src/Illuminate/Database/Query/Builder.php(3489): Illuminate\Database\Query\Builder->onceWithColumns()
#8 /opt/librenms/vendor/laravel/framework/src/Illuminate/Database/Eloquent/Builder.php(902): Illuminate\Database\Query\Builder->get()
#9 /opt/librenms/vendor/laravel/framework/src/Illuminate/Database/Eloquent/Builder.php(884): Illuminate\Database\Eloquent\Builder->getModels()
#10 /opt/librenms/vendor/laravel/framework/src/Illuminate/Database/Concerns/BuildsQueries.php(366): Illuminate\Database\Eloquent\Builder->get()
#11 /opt/librenms/vendor/laravel/framework/src/Illuminate/Database/Eloquent/Builder.php(708): Illuminate\Database\Eloquent\Builder->first()
#12 /opt/librenms/vendor/laravel/framework/src/Illuminate/Database/Eloquent/Builder.php(740): Illuminate\Database\Eloquent\Builder->firstOrCreate()
#13 /opt/librenms/vendor/laravel/framework/src/Illuminate/Support/Traits/ForwardsCalls.php(23): Illuminate\Database\Eloquent\Builder->updateOrCreate()
#14 /opt/librenms/vendor/laravel/framework/src/Illuminate/Database/Eloquent/Model.php(2540): Illuminate\Database\Eloquent\Model->forwardCallTo()
#15 /opt/librenms/vendor/laravel/framework/src/Illuminate/Database/Eloquent/Model.php(2556): Illuminate\Database\Eloquent\Model->__call()
#16 /opt/librenms/app/ConfigRepository.php(227): Illuminate\Database\Eloquent\Model::__callStatic()
#17 /opt/librenms/app/ConfigRepository.php(460): App\ConfigRepository->persist()
#18 /opt/librenms/app/ConfigRepository.php(65): App\ConfigRepository->loadPostUserConfigDefaults()
#19 /opt/librenms/vendor/laravel/framework/src/Illuminate/Cache/Repository.php(564): App\ConfigRepository->{closure:App\ConfigRepository::__construct():58}()
#20 /opt/librenms/app/ConfigRepository.php(58): Illuminate\Cache\Repository->remember()
#21 /opt/librenms/app/Providers/ConfigServiceProvider.php(19): App\ConfigRepository->__construct()
#22 /opt/librenms/vendor/laravel/framework/src/Illuminate/Container/Container.php(1115): App\Providers\ConfigServiceProvider->{closure:App\Providers\ConfigServiceProvider::register():19}()
#23 /opt/librenms/vendor/laravel/framework/src/Illuminate/Container/Container.php(933): Illuminate\Container\Container->build()
#24 /opt/librenms/vendor/laravel/framework/src/Illuminate/Foundation/Application.php(1078): Illuminate\Container\Container->resolve()
#25 /opt/librenms/vendor/laravel/framework/src/Illuminate/Container/Container.php(864): Illuminate\Foundation\Application->resolve()
#26 /opt/librenms/vendor/laravel/framework/src/Illuminate/Foundation/Application.php(1058): Illuminate\Container\Container->make()
#27 /opt/librenms/vendor/laravel/framework/src/Illuminate/Container/Container.php(1805): Illuminate\Foundation\Application->make()
#28 /opt/librenms/vendor/laravel/framework/src/Illuminate/Support/Facades/Facade.php(240): Illuminate\Container\Container->offsetGet()
#29 /opt/librenms/vendor/laravel/framework/src/Illuminate/Support/Facades/Facade.php(211): Illuminate\Support\Facades\Facade::resolveFacadeInstance()
#30 /opt/librenms/vendor/laravel/framework/src/Illuminate/Support/Facades/Facade.php(357): Illuminate\Support\Facades\Facade::getFacadeRoot()
#31 /opt/librenms/routes/console.php(182): Illuminate\Support\Facades\Facade::__callStatic()
#32 /opt/librenms/vendor/laravel/framework/src/Illuminate/Foundation/Console/Kernel.php(523): require('...')
#33 /opt/librenms/vendor/laravel/framework/src/Illuminate/Foundation/Console/Kernel.php(503): Illuminate\Foundation\Console\Kernel->discoverCommands()
#34 /opt/librenms/LibreNMS/Util/Laravel.php(46): Illuminate\Foundation\Console\Kernel->bootstrap()
#35 /opt/librenms/includes/init.php(83): LibreNMS\Util\Laravel::bootCli()
#36 /opt/librenms/syslog.php(12): require('...')
#37 {main}

Next Illuminate\Database\QueryException: SQLSTATE[42S02]: Base table or view not found: 1146 Table 'librenms.config' doesn't exist (Connection: mysql, Host: 127.0.0.1, Port: 3306, Database: librenms, SQL: select * from `config` where (`config_name` = snmpgetnext) limit 1) in /opt/librenms/vendor/laravel/framework/src/Illuminate/Database/Connection.php:838
Stack trace:
#0 /opt/librenms/vendor/laravel/framework/src/Illuminate/Database/Connection.php(794): Illuminate\Database\Connection->runQueryCallback()
#1 /opt/librenms/vendor/laravel/framework/src/Illuminate/Database/Connection.php(411): Illuminate\Database\Connection->run()
#2 /opt/librenms/vendor/laravel/framework/src/Illuminate/Database/Query/Builder.php(3505): Illuminate\Database\Connection->select()
#3 /opt/librenms/vendor/laravel/framework/src/Illuminate/Database/Query/Builder.php(3490): Illuminate\Database\Query\Builder->runSelect()
#4 /opt/librenms/vendor/laravel/framework/src/Illuminate/Database/Query/Builder.php(4080): Illuminate\Database\Query\Builder->{closure:Illuminate\Database\Query\Builder::get():3489}()
#5 /opt/librenms/vendor/laravel/framework/src/Illuminate/Database/Query/Builder.php(3489): Illuminate\Database\Query\Builder->onceWithColumns()
#6 /opt/librenms/vendor/laravel/framework/src/Illuminate/Database/Eloquent/Builder.php(902): Illuminate\Database\Query\Builder->get()
#7 /opt/librenms/vendor/laravel/framework/src/Illuminate/Database/Eloquent/Builder.php(884): Illuminate\Database\Eloquent\Builder->getModels()
#8 /opt/librenms/vendor/laravel/framework/src/Illuminate/Database/Concerns/BuildsQueries.php(366): Illuminate\Database\Eloquent\Builder->get()
#9 /opt/librenms/vendor/laravel/framework/src/Illuminate/Database/Eloquent/Builder.php(708): Illuminate\Database\Eloquent\Builder->first()
#10 /opt/librenms/vendor/laravel/framework/src/Illuminate/Database/Eloquent/Builder.php(740): Illuminate\Database\Eloquent\Builder->firstOrCreate()
#11 /opt/librenms/vendor/laravel/framework/src/Illuminate/Support/Traits/ForwardsCalls.php(23): Illuminate\Database\Eloquent\Builder->updateOrCreate()
#12 /opt/librenms/vendor/laravel/framework/src/Illuminate/Database/Eloquent/Model.php(2540): Illuminate\Database\Eloquent\Model->forwardCallTo()
#13 /opt/librenms/vendor/laravel/framework/src/Illuminate/Database/Eloquent/Model.php(2556): Illuminate\Database\Eloquent\Model->__call()
#14 /opt/librenms/app/ConfigRepository.php(227): Illuminate\Database\Eloquent\Model::__callStatic()
#15 /opt/librenms/app/ConfigRepository.php(460): App\ConfigRepository->persist()
#16 /opt/librenms/app/ConfigRepository.php(65): App\ConfigRepository->loadPostUserConfigDefaults()
#17 /opt/librenms/vendor/laravel/framework/src/Illuminate/Cache/Repository.php(564): App\ConfigRepository->{closure:App\ConfigRepository::__construct():58}()
#18 /opt/librenms/app/ConfigRepository.php(58): Illuminate\Cache\Repository->remember()
#19 /opt/librenms/app/Providers/ConfigServiceProvider.php(19): App\ConfigRepository->__construct()
#20 /opt/librenms/vendor/laravel/framework/src/Illuminate/Container/Container.php(1115): App\Providers\ConfigServiceProvider->{closure:App\Providers\ConfigServiceProvider::register():19}()
#21 /opt/librenms/vendor/laravel/framework/src/Illuminate/Container/Container.php(933): Illuminate\Container\Container->build()
#22 /opt/librenms/vendor/laravel/framework/src/Illuminate/Foundation/Application.php(1078): Illuminate\Container\Container->resolve()
#23 /opt/librenms/vendor/laravel/framework/src/Illuminate/Container/Container.php(864): Illuminate\Foundation\Application->resolve()
#24 /opt/librenms/vendor/laravel/framework/src/Illuminate/Foundation/Application.php(1058): Illuminate\Container\Container->make()
#25 /opt/librenms/vendor/laravel/framework/src/Illuminate/Container/Container.php(1805): Illuminate\Foundation\Application->make()
#26 /opt/librenms/vendor/laravel/framework/src/Illuminate/Support/Facades/Facade.php(240): Illuminate\Container\Container->offsetGet()
#27 /opt/librenms/vendor/laravel/framework/src/Illuminate/Support/Facades/Facade.php(211): Illuminate\Support\Facades\Facade::resolveFacadeInstance()
#28 /opt/librenms/vendor/laravel/framework/src/Illuminate/Support/Facades/Facade.php(357): Illuminate\Support\Facades\Facade::getFacadeRoot()
#29 /opt/librenms/routes/console.php(182): Illuminate\Support\Facades\Facade::__callStatic()
#30 /opt/librenms/vendor/laravel/framework/src/Illuminate/Foundation/Console/Kernel.php(523): require('...')
#31 /opt/librenms/vendor/laravel/framework/src/Illuminate/Foundation/Console/Kernel.php(503): Illuminate\Foundation\Console\Kernel->discoverCommands()
#32 /opt/librenms/LibreNMS/Util/Laravel.php(46): Illuminate\Foundation\Console\Kernel->bootstrap()
#33 /opt/librenms/includes/init.php(83): LibreNMS\Util\Laravel::bootCli()
#34 /opt/librenms/syslog.php(12): require('...')
#35 {main}  
[2026-07-02T08:20:18][ERROR] PDOException: SQLSTATE[42S02]: Base table or view not found: 1146 Table 'librenms.config' doesn't exist in /opt/librenms/vendor/laravel/framework/src/Illuminate/Database/Connection.php:420
Stack trace:
#0 /opt/librenms/vendor/laravel/framework/src/Illuminate/Database/Connection.php(420): PDO->prepare()
#1 /opt/librenms/vendor/laravel/framework/src/Illuminate/Database/Connection.php(827): Illuminate\Database\Connection->{closure:Illuminate\Database\Connection::select():411}()
#2 /opt/librenms/vendor/laravel/framework/src/Illuminate/Database/Connection.php(794): Illuminate\Database\Connection->runQueryCallback()
#3 /opt/librenms/vendor/laravel/framework/src/Illuminate/Database/Connection.php(411): Illuminate\Database\Connection->run()
#4 /opt/librenms/vendor/laravel/framework/src/Illuminate/Database/Query/Builder.php(3505): Illuminate\Database\Connection->select()
#5 /opt/librenms/vendor/laravel/framework/src/Illuminate/Database/Query/Builder.php(3490): Illuminate\Database\Query\Builder->runSelect()
#6 /opt/librenms/vendor/laravel/framework/src/Illuminate/Database/Query/Builder.php(4080): Illuminate\Database\Query\Builder->{closure:Illuminate\Database\Query\Builder::get():3489}()
#7 /opt/librenms/vendor/laravel/framework/src/Illuminate/Database/Query/Builder.php(3489): Illuminate\Database\Query\Builder->onceWithColumns()
#8 /opt/librenms/vendor/laravel/framework/src/Illuminate/Database/Eloquent/Builder.php(902): Illuminate\Database\Query\Builder->get()
#9 /opt/librenms/vendor/laravel/framework/src/Illuminate/Database/Eloquent/Builder.php(884): Illuminate\Database\Eloquent\Builder->getModels()
#10 /opt/librenms/vendor/laravel/framework/src/Illuminate/Database/Concerns/BuildsQueries.php(366): Illuminate\Database\Eloquent\Builder->get()
#11 /opt/librenms/vendor/laravel/framework/src/Illuminate/Database/Eloquent/Builder.php(708): Illuminate\Database\Eloquent\Builder->first()
#12 /opt/librenms/vendor/laravel/framework/src/Illuminate/Database/Eloquent/Builder.php(740): Illuminate\Database\Eloquent\Builder->firstOrCreate()
#13 /opt/librenms/vendor/laravel/framework/src/Illuminate/Support/Traits/ForwardsCalls.php(23): Illuminate\Database\Eloquent\Builder->updateOrCreate()
#14 /opt/librenms/vendor/laravel/framework/src/Illuminate/Database/Eloquent/Model.php(2540): Illuminate\Database\Eloquent\Model->forwardCallTo()
#15 /opt/librenms/vendor/laravel/framework/src/Illuminate/Database/Eloquent/Model.php(2556): Illuminate\Database\Eloquent\Model->__call()
#16 /opt/librenms/app/ConfigRepository.php(227): Illuminate\Database\Eloquent\Model::__callStatic()
#17 /opt/librenms/app/ConfigRepository.php(460): App\ConfigRepository->persist()
#18 /opt/librenms/app/ConfigRepository.php(65): App\ConfigRepository->loadPostUserConfigDefaults()
#19 /opt/librenms/vendor/laravel/framework/src/Illuminate/Cache/Repository.php(564): App\ConfigRepository->{closure:App\ConfigRepository::__construct():58}()
#20 /opt/librenms/app/ConfigRepository.php(58): Illuminate\Cache\Repository->remember()
#21 /opt/librenms/app/Providers/ConfigServiceProvider.php(19): App\ConfigRepository->__construct()
#22 /opt/librenms/vendor/laravel/framework/src/Illuminate/Container/Container.php(1115): App\Providers\ConfigServiceProvider->{closure:App\Providers\ConfigServiceProvider::register():19}()
#23 /opt/librenms/vendor/laravel/framework/src/Illuminate/Container/Container.php(933): Illuminate\Container\Container->build()
#24 /opt/librenms/vendor/laravel/framework/src/Illuminate/Foundation/Application.php(1078): Illuminate\Container\Container->resolve()
#25 /opt/librenms/vendor/laravel/framework/src/Illuminate/Container/Container.php(864): Illuminate\Foundation\Application->resolve()
#26 /opt/librenms/vendor/laravel/framework/src/Illuminate/Foundation/Application.php(1058): Illuminate\Container\Container->make()
#27 /opt/librenms/vendor/laravel/framework/src/Illuminate/Container/Container.php(1805): Illuminate\Foundation\Application->make()
#28 /opt/librenms/vendor/laravel/framework/src/Illuminate/Support/Facades/Facade.php(240): Illuminate\Container\Container->offsetGet()
#29 /opt/librenms/vendor/laravel/framework/src/Illuminate/Support/Facades/Facade.php(211): Illuminate\Support\Facades\Facade::resolveFacadeInstance()
#30 /opt/librenms/vendor/laravel/framework/src/Illuminate/Support/Facades/Facade.php(357): Illuminate\Support\Facades\Facade::getFacadeRoot()
#31 /opt/librenms/routes/console.php(182): Illuminate\Support\Facades\Facade::__callStatic()
#32 /opt/librenms/vendor/laravel/framework/src/Illuminate/Foundation/Console/Kernel.php(523): require('...')
#33 /opt/librenms/vendor/laravel/framework/src/Illuminate/Foundation/Console/Kernel.php(503): Illuminate\Foundation\Console\Kernel->discoverCommands()
#34 /opt/librenms/LibreNMS/Util/Laravel.php(46): Illuminate\Foundation\Console\Kernel->bootstrap()
#35 /opt/librenms/includes/init.php(83): LibreNMS\Util\Laravel::bootCli()
#36 /opt/librenms/syslog.php(12): require('...')
#37 {main}

Next Illuminate\Database\QueryException: SQLSTATE[42S02]: Base table or view not found: 1146 Table 'librenms.config' doesn't exist (Connection: mysql, Host: 127.0.0.1, Port: 3306, Database: librenms, SQL: select * from `config` where (`config_name` = rrdtool) limit 1) in /opt/librenms/vendor/laravel/framework/src/Illuminate/Database/Connection.php:838
Stack trace:
#0 /opt/librenms/vendor/laravel/framework/src/Illuminate/Database/Connection.php(794): Illuminate\Database\Connection->runQueryCallback()
#1 /opt/librenms/vendor/laravel/framework/src/Illuminate/Database/Connection.php(411): Illuminate\Database\Connection->run()
#2 /opt/librenms/vendor/laravel/framework/src/Illuminate/Database/Query/Builder.php(3505): Illuminate\Database\Connection->select()
#3 /opt/librenms/vendor/laravel/framework/src/Illuminate/Database/Query/Builder.php(3490): Illuminate\Database\Query\Builder->runSelect()
#4 /opt/librenms/vendor/laravel/framework/src/Illuminate/Database/Query/Builder.php(4080): Illuminate\Database\Query\Builder->{closure:Illuminate\Database\Query\Builder::get():3489}()
#5 /opt/librenms/vendor/laravel/framework/src/Illuminate/Database/Query/Builder.php(3489): Illuminate\Database\Query\Builder->onceWithColumns()
#6 /opt/librenms/vendor/laravel/framework/src/Illuminate/Database/Eloquent/Builder.php(902): Illuminate\Database\Query\Builder->get()
#7 /opt/librenms/vendor/laravel/framework/src/Illuminate/Database/Eloquent/Builder.php(884): Illuminate\Database\Eloquent\Builder->getModels()
#8 /opt/librenms/vendor/laravel/framework/src/Illuminate/Database/Concerns/BuildsQueries.php(366): Illuminate\Database\Eloquent\Builder->get()
#9 /opt/librenms/vendor/laravel/framework/src/Illuminate/Database/Eloquent/Builder.php(708): Illuminate\Database\Eloquent\Builder->first()
#10 /opt/librenms/vendor/laravel/framework/src/Illuminate/Database/Eloquent/Builder.php(740): Illuminate\Database\Eloquent\Builder->firstOrCreate()
#11 /opt/librenms/vendor/laravel/framework/src/Illuminate/Support/Traits/ForwardsCalls.php(23): Illuminate\Database\Eloquent\Builder->updateOrCreate()
#12 /opt/librenms/vendor/laravel/framework/src/Illuminate/Database/Eloquent/Model.php(2540): Illuminate\Database\Eloquent\Model->forwardCallTo()
#13 /opt/librenms/vendor/laravel/framework/src/Illuminate/Database/Eloquent/Model.php(2556): Illuminate\Database\Eloquent\Model->__call()
#14 /opt/librenms/app/ConfigRepository.php(227): Illuminate\Database\Eloquent\Model::__callStatic()
#15 /opt/librenms/app/ConfigRepository.php(460): App\ConfigRepository->persist()
#16 /opt/librenms/app/ConfigRepository.php(65): App\ConfigRepository->loadPostUserConfigDefaults()
#17 /opt/librenms/vendor/laravel/framework/src/Illuminate/Cache/Repository.php(564): App\ConfigRepository->{closure:App\ConfigRepository::__construct():58}()
#18 /opt/librenms/app/ConfigRepository.php(58): Illuminate\Cache\Repository->remember()
#19 /opt/librenms/app/Providers/ConfigServiceProvider.php(19): App\ConfigRepository->__construct()
#20 /opt/librenms/vendor/laravel/framework/src/Illuminate/Container/Container.php(1115): App\Providers\ConfigServiceProvider->{closure:App\Providers\ConfigServiceProvider::register():19}()
#21 /opt/librenms/vendor/laravel/framework/src/Illuminate/Container/Container.php(933): Illuminate\Container\Container->build()
#22 /opt/librenms/vendor/laravel/framework/src/Illuminate/Foundation/Application.php(1078): Illuminate\Container\Container->resolve()
#23 /opt/librenms/vendor/laravel/framework/src/Illuminate/Container/Container.php(864): Illuminate\Foundation\Application->resolve()
#24 /opt/librenms/vendor/laravel/framework/src/Illuminate/Foundation/Application.php(1058): Illuminate\Container\Container->make()
#25 /opt/librenms/vendor/laravel/framework/src/Illuminate/Container/Container.php(1805): Illuminate\Foundation\Application->make()
#26 /opt/librenms/vendor/laravel/framework/src/Illuminate/Support/Facades/Facade.php(240): Illuminate\Container\Container->offsetGet()
#27 /opt/librenms/vendor/laravel/framework/src/Illuminate/Support/Facades/Facade.php(211): Illuminate\Support\Facades\Facade::resolveFacadeInstance()
#28 /opt/librenms/vendor/laravel/framework/src/Illuminate/Support/Facades/Facade.php(357): Illuminate\Support\Facades\Facade::getFacadeRoot()
#29 /opt/librenms/routes/console.php(182): Illuminate\Support\Facades\Facade::__callStatic()
#30 /opt/librenms/vendor/laravel/framework/src/Illuminate/Foundation/Console/Kernel.php(523): require('...')
#31 /opt/librenms/vendor/laravel/framework/src/Illuminate/Foundation/Console/Kernel.php(503): Illuminate\Foundation\Console\Kernel->discoverCommands()
#32 /opt/librenms/LibreNMS/Util/Laravel.php(46): Illuminate\Foundation\Console\Kernel->bootstrap()
#33 /opt/librenms/includes/init.php(83): LibreNMS\Util\Laravel::bootCli()
#34 /opt/librenms/syslog.php(12): require('...')
#35 {main}  
[2026-07-02T08:20:18][ERROR] PDOException: SQLSTATE[42S02]: Base table or view not found: 1146 Table 'librenms.config' doesn't exist in /opt/librenms/vendor/laravel/framework/src/Illuminate/Database/Connection.php:420
Stack trace:
#0 /opt/librenms/vendor/laravel/framework/src/Illuminate/Database/Connection.php(420): PDO->prepare()
#1 /opt/librenms/vendor/laravel/framework/src/Illuminate/Database/Connection.php(827): Illuminate\Database\Connection->{closure:Illuminate\Database\Connection::select():411}()
#2 /opt/librenms/vendor/laravel/framework/src/Illuminate/Database/Connection.php(794): Illuminate\Database\Connection->runQueryCallback()
#3 /opt/librenms/vendor/laravel/framework/src/Illuminate/Database/Connection.php(411): Illuminate\Database\Connection->run()
#4 /opt/librenms/vendor/laravel/framework/src/Illuminate/Database/Query/Builder.php(3505): Illuminate\Database\Connection->select()
#5 /opt/librenms/vendor/laravel/framework/src/Illuminate/Database/Query/Builder.php(3490): Illuminate\Database\Query\Builder->runSelect()
#6 /opt/librenms/vendor/laravel/framework/src/Illuminate/Database/Query/Builder.php(4080): Illuminate\Database\Query\Builder->{closure:Illuminate\Database\Query\Builder::get():3489}()
#7 /opt/librenms/vendor/laravel/framework/src/Illuminate/Database/Query/Builder.php(3489): Illuminate\Database\Query\Builder->onceWithColumns()
#8 /opt/librenms/vendor/laravel/framework/src/Illuminate/Database/Eloquent/Builder.php(902): Illuminate\Database\Query\Builder->get()
#9 /opt/librenms/vendor/laravel/framework/src/Illuminate/Database/Eloquent/Builder.php(884): Illuminate\Database\Eloquent\Builder->getModels()
#10 /opt/librenms/vendor/laravel/framework/src/Illuminate/Database/Concerns/BuildsQueries.php(366): Illuminate\Database\Eloquent\Builder->get()
#11 /opt/librenms/vendor/laravel/framework/src/Illuminate/Database/Eloquent/Builder.php(708): Illuminate\Database\Eloquent\Builder->first()
#12 /opt/librenms/vendor/laravel/framework/src/Illuminate/Database/Eloquent/Builder.php(740): Illuminate\Database\Eloquent\Builder->firstOrCreate()
#13 /opt/librenms/vendor/laravel/framework/src/Illuminate/Support/Traits/ForwardsCalls.php(23): Illuminate\Database\Eloquent\Builder->updateOrCreate()
#14 /opt/librenms/vendor/laravel/framework/src/Illuminate/Database/Eloquent/Model.php(2540): Illuminate\Database\Eloquent\Model->forwardCallTo()
#15 /opt/librenms/vendor/laravel/framework/src/Illuminate/Database/Eloquent/Model.php(2556): Illuminate\Database\Eloquent\Model->__call()
#16 /opt/librenms/app/ConfigRepository.php(227): Illuminate\Database\Eloquent\Model::__callStatic()
#17 /opt/librenms/app/ConfigRepository.php(460): App\ConfigRepository->persist()
#18 /opt/librenms/app/ConfigRepository.php(65): App\ConfigRepository->loadPostUserConfigDefaults()
#19 /opt/librenms/vendor/laravel/framework/src/Illuminate/Cache/Repository.php(564): App\ConfigRepository->{closure:App\ConfigRepository::__construct():58}()
#20 /opt/librenms/app/ConfigRepository.php(58): Illuminate\Cache\Repository->remember()
#21 /opt/librenms/app/Providers/ConfigServiceProvider.php(19): App\ConfigRepository->__construct()
#22 /opt/librenms/vendor/laravel/framework/src/Illuminate/Container/Container.php(1115): App\Providers\ConfigServiceProvider->{closure:App\Providers\ConfigServiceProvider::register():19}()
#23 /opt/librenms/vendor/laravel/framework/src/Illuminate/Container/Container.php(933): Illuminate\Container\Container->build()
#24 /opt/librenms/vendor/laravel/framework/src/Illuminate/Foundation/Application.php(1078): Illuminate\Container\Container->resolve()
#25 /opt/librenms/vendor/laravel/framework/src/Illuminate/Container/Container.php(864): Illuminate\Foundation\Application->resolve()
#26 /opt/librenms/vendor/laravel/framework/src/Illuminate/Foundation/Application.php(1058): Illuminate\Container\Container->make()
#27 /opt/librenms/vendor/laravel/framework/src/Illuminate/Container/Container.php(1805): Illuminate\Foundation\Application->make()
#28 /opt/librenms/vendor/laravel/framework/src/Illuminate/Support/Facades/Facade.php(240): Illuminate\Container\Container->offsetGet()
#29 /opt/librenms/vendor/laravel/framework/src/Illuminate/Support/Facades/Facade.php(211): Illuminate\Support\Facades\Facade::resolveFacadeInstance()
#30 /opt/librenms/vendor/laravel/framework/src/Illuminate/Support/Facades/Facade.php(357): Illuminate\Support\Facades\Facade::getFacadeRoot()
#31 /opt/librenms/routes/console.php(182): Illuminate\Support\Facades\Facade::__callStatic()
#32 /opt/librenms/vendor/laravel/framework/src/Illuminate/Foundation/Console/Kernel.php(523): require('...')
#33 /opt/librenms/vendor/laravel/framework/src/Illuminate/Foundation/Console/Kernel.php(503): Illuminate\Foundation\Console\Kernel->discoverCommands()
#34 /opt/librenms/LibreNMS/Util/Laravel.php(46): Illuminate\Foundation\Console\Kernel->bootstrap()
#35 /opt/librenms/includes/init.php(83): LibreNMS\Util\Laravel::bootCli()
#36 /opt/librenms/syslog.php(12): require('...')
#37 {main}

Next Illuminate\Database\QueryException: SQLSTATE[42S02]: Base table or view not found: 1146 Table 'librenms.config' doesn't exist (Connection: mysql, Host: 127.0.0.1, Port: 3306, Database: librenms, SQL: select * from `config` where (`config_name` = traceroute) limit 1) in /opt/librenms/vendor/laravel/framework/src/Illuminate/Database/Connection.php:838
Stack trace:
#0 /opt/librenms/vendor/laravel/framework/src/Illuminate/Database/Connection.php(794): Illuminate\Database\Connection->runQueryCallback()
#1 /opt/librenms/vendor/laravel/framework/src/Illuminate/Database/Connection.php(411): Illuminate\Database\Connection->run()
#2 /opt/librenms/vendor/laravel/framework/src/Illuminate/Database/Query/Builder.php(3505): Illuminate\Database\Connection->select()
#3 /opt/librenms/vendor/laravel/framework/src/Illuminate/Database/Query/Builder.php(3490): Illuminate\Database\Query\Builder->runSelect()
#4 /opt/librenms/vendor/laravel/framework/src/Illuminate/Database/Query/Builder.php(4080): Illuminate\Database\Query\Builder->{closure:Illuminate\Database\Query\Builder::get():3489}()
#5 /opt/librenms/vendor/laravel/framework/src/Illuminate/Database/Query/Builder.php(3489): Illuminate\Database\Query\Builder->onceWithColumns()
#6 /opt/librenms/vendor/laravel/framework/src/Illuminate/Database/Eloquent/Builder.php(902): Illuminate\Database\Query\Builder->get()
#7 /opt/librenms/vendor/laravel/framework/src/Illuminate/Database/Eloquent/Builder.php(884): Illuminate\Database\Eloquent\Builder->getModels()
#8 /opt/librenms/vendor/laravel/framework/src/Illuminate/Database/Concerns/BuildsQueries.php(366): Illuminate\Database\Eloquent\Builder->get()
#9 /opt/librenms/vendor/laravel/framework/src/Illuminate/Database/Eloquent/Builder.php(708): Illuminate\Database\Eloquent\Builder->first()
#10 /opt/librenms/vendor/laravel/framework/src/Illuminate/Database/Eloquent/Builder.php(740): Illuminate\Database\Eloquent\Builder->firstOrCreate()
#11 /opt/librenms/vendor/laravel/framework/src/Illuminate/Support/Traits/ForwardsCalls.php(23): Illuminate\Database\Eloquent\Builder->updateOrCreate()
#12 /opt/librenms/vendor/laravel/framework/src/Illuminate/Database/Eloquent/Model.php(2540): Illuminate\Database\Eloquent\Model->forwardCallTo()
#13 /opt/librenms/vendor/laravel/framework/src/Illuminate/Database/Eloquent/Model.php(2556): Illuminate\Database\Eloquent\Model->__call()
#14 /opt/librenms/app/ConfigRepository.php(227): Illuminate\Database\Eloquent\Model::__callStatic()
#15 /opt/librenms/app/ConfigRepository.php(460): App\ConfigRepository->persist()
#16 /opt/librenms/app/ConfigRepository.php(65): App\ConfigRepository->loadPostUserConfigDefaults()
#17 /opt/librenms/vendor/laravel/framework/src/Illuminate/Cache/Repository.php(564): App\ConfigRepository->{closure:App\ConfigRepository::__construct():58}()
#18 /opt/librenms/app/ConfigRepository.php(58): Illuminate\Cache\Repository->remember()
#19 /opt/librenms/app/Providers/ConfigServiceProvider.php(19): App\ConfigRepository->__construct()
#20 /opt/librenms/vendor/laravel/framework/src/Illuminate/Container/Container.php(1115): App\Providers\ConfigServiceProvider->{closure:App\Providers\ConfigServiceProvider::register():19}()
#21 /opt/librenms/vendor/laravel/framework/src/Illuminate/Container/Container.php(933): Illuminate\Container\Container->build()
#22 /opt/librenms/vendor/laravel/framework/src/Illuminate/Foundation/Application.php(1078): Illuminate\Container\Container->resolve()
#23 /opt/librenms/vendor/laravel/framework/src/Illuminate/Container/Container.php(864): Illuminate\Foundation\Application->resolve()
#24 /opt/librenms/vendor/laravel/framework/src/Illuminate/Foundation/Application.php(1058): Illuminate\Container\Container->make()
#25 /opt/librenms/vendor/laravel/framework/src/Illuminate/Container/Container.php(1805): Illuminate\Foundation\Application->make()
#26 /opt/librenms/vendor/laravel/framework/src/Illuminate/Support/Facades/Facade.php(240): Illuminate\Container\Container->offsetGet()
#27 /opt/librenms/vendor/laravel/framework/src/Illuminate/Support/Facades/Facade.php(211): Illuminate\Support\Facades\Facade::resolveFacadeInstance()
#28 /opt/librenms/vendor/laravel/framework/src/Illuminate/Support/Facades/Facade.php(357): Illuminate\Support\Facades\Facade::getFacadeRoot()
#29 /opt/librenms/routes/console.php(182): Illuminate\Support\Facades\Facade::__callStatic()
#30 /opt/librenms/vendor/laravel/framework/src/Illuminate/Foundation/Console/Kernel.php(523): require('...')
#31 /opt/librenms/vendor/laravel/framework/src/Illuminate/Foundation/Console/Kernel.php(503): Illuminate\Foundation\Console\Kernel->discoverCommands()
#32 /opt/librenms/LibreNMS/Util/Laravel.php(46): Illuminate\Foundation\Console\Kernel->bootstrap()
#33 /opt/librenms/includes/init.php(83): LibreNMS\Util\Laravel::bootCli()
#34 /opt/librenms/syslog.php(12): require('...')
#35 {main}  
[2026-07-02T08:20:18][ERROR] PDOException: SQLSTATE[42S02]: Base table or view not found: 1146 Table 'librenms.config' doesn't exist in /opt/librenms/vendor/laravel/framework/src/Illuminate/Database/Connection.php:420
Stack trace:
#0 /opt/librenms/vendor/laravel/framework/src/Illuminate/Database/Connection.php(420): PDO->prepare()
#1 /opt/librenms/vendor/laravel/framework/src/Illuminate/Database/Connection.php(827): Illuminate\Database\Connection->{closure:Illuminate\Database\Connection::select():411}()
#2 /opt/librenms/vendor/laravel/framework/src/Illuminate/Database/Connection.php(794): Illuminate\Database\Connection->runQueryCallback()
#3 /opt/librenms/vendor/laravel/framework/src/Illuminate/Database/Connection.php(411): Illuminate\Database\Connection->run()
#4 /opt/librenms/vendor/laravel/framework/src/Illuminate/Database/Query/Builder.php(3505): Illuminate\Database\Connection->select()
#5 /opt/librenms/vendor/laravel/framework/src/Illuminate/Database/Query/Builder.php(3490): Illuminate\Database\Query\Builder->runSelect()
#6 /opt/librenms/vendor/laravel/framework/src/Illuminate/Database/Query/Builder.php(4080): Illuminate\Database\Query\Builder->{closure:Illuminate\Database\Query\Builder::get():3489}()
#7 /opt/librenms/vendor/laravel/framework/src/Illuminate/Database/Query/Builder.php(3489): Illuminate\Database\Query\Builder->onceWithColumns()
#8 /opt/librenms/vendor/laravel/framework/src/Illuminate/Database/Eloquent/Builder.php(902): Illuminate\Database\Query\Builder->get()
#9 /opt/librenms/vendor/laravel/framework/src/Illuminate/Database/Eloquent/Builder.php(884): Illuminate\Database\Eloquent\Builder->getModels()
#10 /opt/librenms/vendor/laravel/framework/src/Illuminate/Database/Concerns/BuildsQueries.php(366): Illuminate\Database\Eloquent\Builder->get()
#11 /opt/librenms/vendor/laravel/framework/src/Illuminate/Database/Eloquent/Builder.php(708): Illuminate\Database\Eloquent\Builder->first()
#12 /opt/librenms/vendor/laravel/framework/src/Illuminate/Database/Eloquent/Builder.php(740): Illuminate\Database\Eloquent\Builder->firstOrCreate()
#13 /opt/librenms/vendor/laravel/framework/src/Illuminate/Support/Traits/ForwardsCalls.php(23): Illuminate\Database\Eloquent\Builder->updateOrCreate()
#14 /opt/librenms/vendor/laravel/framework/src/Illuminate/Database/Eloquent/Model.php(2540): Illuminate\Database\Eloquent\Model->forwardCallTo()
#15 /opt/librenms/vendor/laravel/framework/src/Illuminate/Database/Eloquent/Model.php(2556): Illuminate\Database\Eloquent\Model->__call()
#16 /opt/librenms/app/ConfigRepository.php(227): Illuminate\Database\Eloquent\Model::__callStatic()
#17 /opt/librenms/app/ConfigRepository.php(465): App\ConfigRepository->persist()
#18 /opt/librenms/app/ConfigRepository.php(65): App\ConfigRepository->loadPostUserConfigDefaults()
#19 /opt/librenms/vendor/laravel/framework/src/Illuminate/Cache/Repository.php(564): App\ConfigRepository->{closure:App\ConfigRepository::__construct():58}()
#20 /opt/librenms/app/ConfigRepository.php(58): Illuminate\Cache\Repository->remember()
#21 /opt/librenms/app/Providers/ConfigServiceProvider.php(19): App\ConfigRepository->__construct()
#22 /opt/librenms/vendor/laravel/framework/src/Illuminate/Container/Container.php(1115): App\Providers\ConfigServiceProvider->{closure:App\Providers\ConfigServiceProvider::register():19}()
#23 /opt/librenms/vendor/laravel/framework/src/Illuminate/Container/Container.php(933): Illuminate\Container\Container->build()
#24 /opt/librenms/vendor/laravel/framework/src/Illuminate/Foundation/Application.php(1078): Illuminate\Container\Container->resolve()
#25 /opt/librenms/vendor/laravel/framework/src/Illuminate/Container/Container.php(864): Illuminate\Foundation\Application->resolve()
#26 /opt/librenms/vendor/laravel/framework/src/Illuminate/Foundation/Application.php(1058): Illuminate\Container\Container->make()
#27 /opt/librenms/vendor/laravel/framework/src/Illuminate/Container/Container.php(1805): Illuminate\Foundation\Application->make()
#28 /opt/librenms/vendor/laravel/framework/src/Illuminate/Support/Facades/Facade.php(240): Illuminate\Container\Container->offsetGet()
#29 /opt/librenms/vendor/laravel/framework/src/Illuminate/Support/Facades/Facade.php(211): Illuminate\Support\Facades\Facade::resolveFacadeInstance()
#30 /opt/librenms/vendor/laravel/framework/src/Illuminate/Support/Facades/Facade.php(357): Illuminate\Support\Facades\Facade::getFacadeRoot()
#31 /opt/librenms/routes/console.php(182): Illuminate\Support\Facades\Facade::__callStatic()
#32 /opt/librenms/vendor/laravel/framework/src/Illuminate/Foundation/Console/Kernel.php(523): require('...')
#33 /opt/librenms/vendor/laravel/framework/src/Illuminate/Foundation/Console/Kernel.php(503): Illuminate\Foundation\Console\Kernel->discoverCommands()
#34 /opt/librenms/LibreNMS/Util/Laravel.php(46): Illuminate\Foundation\Console\Kernel->bootstrap()
#35 /opt/librenms/includes/init.php(83): LibreNMS\Util\Laravel::bootCli()
#36 /opt/librenms/syslog.php(12): require('...')
#37 {main}

Next Illuminate\Database\QueryException: SQLSTATE[42S02]: Base table or view not found: 1146 Table 'librenms.config' doesn't exist (Connection: mysql, Host: 127.0.0.1, Port: 3306, Database: librenms, SQL: select * from `config` where (`config_name` = rrdtool_version) limit 1) in /opt/librenms/vendor/laravel/framework/src/Illuminate/Database/Connection.php:838
Stack trace:
#0 /opt/librenms/vendor/laravel/framework/src/Illuminate/Database/Connection.php(794): Illuminate\Database\Connection->runQueryCallback()
#1 /opt/librenms/vendor/laravel/framework/src/Illuminate/Database/Connection.php(411): Illuminate\Database\Connection->run()
#2 /opt/librenms/vendor/laravel/framework/src/Illuminate/Database/Query/Builder.php(3505): Illuminate\Database\Connection->select()
#3 /opt/librenms/vendor/laravel/framework/src/Illuminate/Database/Query/Builder.php(3490): Illuminate\Database\Query\Builder->runSelect()
#4 /opt/librenms/vendor/laravel/framework/src/Illuminate/Database/Query/Builder.php(4080): Illuminate\Database\Query\Builder->{closure:Illuminate\Database\Query\Builder::get():3489}()
#5 /opt/librenms/vendor/laravel/framework/src/Illuminate/Database/Query/Builder.php(3489): Illuminate\Database\Query\Builder->onceWithColumns()
#6 /opt/librenms/vendor/laravel/framework/src/Illuminate/Database/Eloquent/Builder.php(902): Illuminate\Database\Query\Builder->get()
#7 /opt/librenms/vendor/laravel/framework/src/Illuminate/Database/Eloquent/Builder.php(884): Illuminate\Database\Eloquent\Builder->getModels()
#8 /opt/librenms/vendor/laravel/framework/src/Illuminate/Database/Concerns/BuildsQueries.php(366): Illuminate\Database\Eloquent\Builder->get()
#9 /opt/librenms/vendor/laravel/framework/src/Illuminate/Database/Eloquent/Builder.php(708): Illuminate\Database\Eloquent\Builder->first()
#10 /opt/librenms/vendor/laravel/framework/src/Illuminate/Database/Eloquent/Builder.php(740): Illuminate\Database\Eloquent\Builder->firstOrCreate()
#11 /opt/librenms/vendor/laravel/framework/src/Illuminate/Support/Traits/ForwardsCalls.php(23): Illuminate\Database\Eloquent\Builder->updateOrCreate()
#12 /opt/librenms/vendor/laravel/framework/src/Illuminate/Database/Eloquent/Model.php(2540): Illuminate\Database\Eloquent\Model->forwardCallTo()
#13 /opt/librenms/vendor/laravel/framework/src/Illuminate/Database/Eloquent/Model.php(2556): Illuminate\Database\Eloquent\Model->__call()
#14 /opt/librenms/app/ConfigRepository.php(227): Illuminate\Database\Eloquent\Model::__callStatic()
#15 /opt/librenms/app/ConfigRepository.php(465): App\ConfigRepository->persist()
#16 /opt/librenms/app/ConfigRepository.php(65): App\ConfigRepository->loadPostUserConfigDefaults()
#17 /opt/librenms/vendor/laravel/framework/src/Illuminate/Cache/Repository.php(564): App\ConfigRepository->{closure:App\ConfigRepository::__construct():58}()
#18 /opt/librenms/app/ConfigRepository.php(58): Illuminate\Cache\Repository->remember()
#19 /opt/librenms/app/Providers/ConfigServiceProvider.php(19): App\ConfigRepository->__construct()
#20 /opt/librenms/vendor/laravel/framework/src/Illuminate/Container/Container.php(1115): App\Providers\ConfigServiceProvider->{closure:App\Providers\ConfigServiceProvider::register():19}()
#21 /opt/librenms/vendor/laravel/framework/src/Illuminate/Container/Container.php(933): Illuminate\Container\Container->build()
#22 /opt/librenms/vendor/laravel/framework/src/Illuminate/Foundation/Application.php(1078): Illuminate\Container\Container->resolve()
#23 /opt/librenms/vendor/laravel/framework/src/Illuminate/Container/Container.php(864): Illuminate\Foundation\Application->resolve()
#24 /opt/librenms/vendor/laravel/framework/src/Illuminate/Foundation/Application.php(1058): Illuminate\Container\Container->make()
#25 /opt/librenms/vendor/laravel/framework/src/Illuminate/Container/Container.php(1805): Illuminate\Foundation\Application->make()
#26 /opt/librenms/vendor/laravel/framework/src/Illuminate/Support/Facades/Facade.php(240): Illuminate\Container\Container->offsetGet()
#27 /opt/librenms/vendor/laravel/framework/src/Illuminate/Support/Facades/Facade.php(211): Illuminate\Support\Facades\Facade::resolveFacadeInstance()
#28 /opt/librenms/vendor/laravel/framework/src/Illuminate/Support/Facades/Facade.php(357): Illuminate\Support\Facades\Facade::getFacadeRoot()
#29 /opt/librenms/routes/console.php(182): Illuminate\Support\Facades\Facade::__callStatic()
#30 /opt/librenms/vendor/laravel/framework/src/Illuminate/Foundation/Console/Kernel.php(523): require('...')
#31 /opt/librenms/vendor/laravel/framework/src/Illuminate/Foundation/Console/Kernel.php(503): Illuminate\Foundation\Console\Kernel->discoverCommands()
#32 /opt/librenms/LibreNMS/Util/Laravel.php(46): Illuminate\Foundation\Console\Kernel->bootstrap()
#33 /opt/librenms/includes/init.php(83): LibreNMS\Util\Laravel::bootCli()
#34 /opt/librenms/syslog.php(12): require('...')
#35 {main}  
[2026-07-02T08:20:18][ERROR] PDOException: SQLSTATE[42S02]: Base table or view not found: 1146 Table 'librenms.config' doesn't exist in /opt/librenms/vendor/laravel/framework/src/Illuminate/Database/Connection.php:420
Stack trace:
#0 /opt/librenms/vendor/laravel/framework/src/Illuminate/Database/Connection.php(420): PDO->prepare()
#1 /opt/librenms/vendor/laravel/framework/src/Illuminate/Database/Connection.php(827): Illuminate\Database\Connection->{closure:Illuminate\Database\Connection::select():411}()
#2 /opt/librenms/vendor/laravel/framework/src/Illuminate/Database/Connection.php(794): Illuminate\Database\Connection->runQueryCallback()
#3 /opt/librenms/vendor/laravel/framework/src/Illuminate/Database/Connection.php(411): Illuminate\Database\Connection->run()
#4 /opt/librenms/vendor/laravel/framework/src/Illuminate/Database/Query/Builder.php(3505): Illuminate\Database\Connection->select()
#5 /opt/librenms/vendor/laravel/framework/src/Illuminate/Database/Query/Builder.php(3490): Illuminate\Database\Query\Builder->runSelect()
#6 /opt/librenms/vendor/laravel/framework/src/Illuminate/Database/Query/Builder.php(4080): Illuminate\Database\Query\Builder->{closure:Illuminate\Database\Query\Builder::get():3489}()
#7 /opt/librenms/vendor/laravel/framework/src/Illuminate/Database/Query/Builder.php(3489): Illuminate\Database\Query\Builder->onceWithColumns()
#8 /opt/librenms/vendor/laravel/framework/src/Illuminate/Database/Eloquent/Builder.php(902): Illuminate\Database\Query\Builder->get()
#9 /opt/librenms/vendor/laravel/framework/src/Illuminate/Database/Eloquent/Builder.php(884): Illuminate\Database\Eloquent\Builder->getModels()
#10 /opt/librenms/vendor/laravel/framework/src/Illuminate/Database/Concerns/BuildsQueries.php(366): Illuminate\Database\Eloquent\Builder->get()
#11 /opt/librenms/vendor/laravel/framework/src/Illuminate/Database/Eloquent/Builder.php(708): Illuminate\Database\Eloquent\Builder->first()
#12 /opt/librenms/vendor/laravel/framework/src/Illuminate/Database/Eloquent/Builder.php(740): Illuminate\Database\Eloquent\Builder->firstOrCreate()
#13 /opt/librenms/vendor/laravel/framework/src/Illuminate/Support/Traits/ForwardsCalls.php(23): Illuminate\Database\Eloquent\Builder->updateOrCreate()
#14 /opt/librenms/vendor/laravel/framework/src/Illuminate/Database/Eloquent/Model.php(2540): Illuminate\Database\Eloquent\Model->forwardCallTo()
#15 /opt/librenms/vendor/laravel/framework/src/Illuminate/Database/Eloquent/Model.php(2556): Illuminate\Database\Eloquent\Model->__call()
#16 /opt/librenms/app/ConfigRepository.php(227): Illuminate\Database\Eloquent\Model::__callStatic()
#17 /opt/librenms/app/ConfigRepository.php(468): App\ConfigRepository->persist()
#18 /opt/librenms/app/ConfigRepository.php(65): App\ConfigRepository->loadPostUserConfigDefaults()
#19 /opt/librenms/vendor/laravel/framework/src/Illuminate/Cache/Repository.php(564): App\ConfigRepository->{closure:App\ConfigRepository::__construct():58}()
#20 /opt/librenms/app/ConfigRepository.php(58): Illuminate\Cache\Repository->remember()
#21 /opt/librenms/app/Providers/ConfigServiceProvider.php(19): App\ConfigRepository->__construct()
#22 /opt/librenms/vendor/laravel/framework/src/Illuminate/Container/Container.php(1115): App\Providers\ConfigServiceProvider->{closure:App\Providers\ConfigServiceProvider::register():19}()
#23 /opt/librenms/vendor/laravel/framework/src/Illuminate/Container/Container.php(933): Illuminate\Container\Container->build()
#24 /opt/librenms/vendor/laravel/framework/src/Illuminate/Foundation/Application.php(1078): Illuminate\Container\Container->resolve()
#25 /opt/librenms/vendor/laravel/framework/src/Illuminate/Container/Container.php(864): Illuminate\Foundation\Application->resolve()
#26 /opt/librenms/vendor/laravel/framework/src/Illuminate/Foundation/Application.php(1058): Illuminate\Container\Container->make()
#27 /opt/librenms/vendor/laravel/framework/src/Illuminate/Container/Container.php(1805): Illuminate\Foundation\Application->make()
#28 /opt/librenms/vendor/laravel/framework/src/Illuminate/Support/Facades/Facade.php(240): Illuminate\Container\Container->offsetGet()
#29 /opt/librenms/vendor/laravel/framework/src/Illuminate/Support/Facades/Facade.php(211): Illuminate\Support\Facades\Facade::resolveFacadeInstance()
#30 /opt/librenms/vendor/laravel/framework/src/Illuminate/Support/Facades/Facade.php(357): Illuminate\Support\Facades\Facade::getFacadeRoot()
#31 /opt/librenms/routes/console.php(182): Illuminate\Support\Facades\Facade::__callStatic()
#32 /opt/librenms/vendor/laravel/framework/src/Illuminate/Foundation/Console/Kernel.php(523): require('...')
#33 /opt/librenms/vendor/laravel/framework/src/Illuminate/Foundation/Console/Kernel.php(503): Illuminate\Foundation\Console\Kernel->discoverCommands()
#34 /opt/librenms/LibreNMS/Util/Laravel.php(46): Illuminate\Foundation\Console\Kernel->bootstrap()
#35 /opt/librenms/includes/init.php(83): LibreNMS\Util\Laravel::bootCli()
#36 /opt/librenms/syslog.php(12): require('...')
#37 {main}

Next Illuminate\Database\QueryException: SQLSTATE[42S02]: Base table or view not found: 1146 Table 'librenms.config' doesn't exist (Connection: mysql, Host: 127.0.0.1, Port: 3306, Database: librenms, SQL: select * from `config` where (`config_name` = snmp.unescape) limit 1) in /opt/librenms/vendor/laravel/framework/src/Illuminate/Database/Connection.php:838
Stack trace:
#0 /opt/librenms/vendor/laravel/framework/src/Illuminate/Database/Connection.php(794): Illuminate\Database\Connection->runQueryCallback()
#1 /opt/librenms/vendor/laravel/framework/src/Illuminate/Database/Connection.php(411): Illuminate\Database\Connection->run()
#2 /opt/librenms/vendor/laravel/framework/src/Illuminate/Database/Query/Builder.php(3505): Illuminate\Database\Connection->select()
#3 /opt/librenms/vendor/laravel/framework/src/Illuminate/Database/Query/Builder.php(3490): Illuminate\Database\Query\Builder->runSelect()
#4 /opt/librenms/vendor/laravel/framework/src/Illuminate/Database/Query/Builder.php(4080): Illuminate\Database\Query\Builder->{closure:Illuminate\Database\Query\Builder::get():3489}()
#5 /opt/librenms/vendor/laravel/framework/src/Illuminate/Database/Query/Builder.php(3489): Illuminate\Database\Query\Builder->onceWithColumns()
#6 /opt/librenms/vendor/laravel/framework/src/Illuminate/Database/Eloquent/Builder.php(902): Illuminate\Database\Query\Builder->get()
#7 /opt/librenms/vendor/laravel/framework/src/Illuminate/Database/Eloquent/Builder.php(884): Illuminate\Database\Eloquent\Builder->getModels()
#8 /opt/librenms/vendor/laravel/framework/src/Illuminate/Database/Concerns/BuildsQueries.php(366): Illuminate\Database\Eloquent\Builder->get()
#9 /opt/librenms/vendor/laravel/framework/src/Illuminate/Database/Eloquent/Builder.php(708): Illuminate\Database\Eloquent\Builder->first()
#10 /opt/librenms/vendor/laravel/framework/src/Illuminate/Database/Eloquent/Builder.php(740): Illuminate\Database\Eloquent\Builder->firstOrCreate()
#11 /opt/librenms/vendor/laravel/framework/src/Illuminate/Support/Traits/ForwardsCalls.php(23): Illuminate\Database\Eloquent\Builder->updateOrCreate()
#12 /opt/librenms/vendor/laravel/framework/src/Illuminate/Database/Eloquent/Model.php(2540): Illuminate\Database\Eloquent\Model->forwardCallTo()
#13 /opt/librenms/vendor/laravel/framework/src/Illuminate/Database/Eloquent/Model.php(2556): Illuminate\Database\Eloquent\Model->__call()
#14 /opt/librenms/app/ConfigRepository.php(227): Illuminate\Database\Eloquent\Model::__callStatic()
#15 /opt/librenms/app/ConfigRepository.php(468): App\ConfigRepository->persist()
#16 /opt/librenms/app/ConfigRepository.php(65): App\ConfigRepository->loadPostUserConfigDefaults()
#17 /opt/librenms/vendor/laravel/framework/src/Illuminate/Cache/Repository.php(564): App\ConfigRepository->{closure:App\ConfigRepository::__construct():58}()
#18 /opt/librenms/app/ConfigRepository.php(58): Illuminate\Cache\Repository->remember()
#19 /opt/librenms/app/Providers/ConfigServiceProvider.php(19): App\ConfigRepository->__construct()
#20 /opt/librenms/vendor/laravel/framework/src/Illuminate/Container/Container.php(1115): App\Providers\ConfigServiceProvider->{closure:App\Providers\ConfigServiceProvider::register():19}()
#21 /opt/librenms/vendor/laravel/framework/src/Illuminate/Container/Container.php(933): Illuminate\Container\Container->build()
#22 /opt/librenms/vendor/laravel/framework/src/Illuminate/Foundation/Application.php(1078): Illuminate\Container\Container->resolve()
#23 /opt/librenms/vendor/laravel/framework/src/Illuminate/Container/Container.php(864): Illuminate\Foundation\Application->resolve()
#24 /opt/librenms/vendor/laravel/framework/src/Illuminate/Foundation/Application.php(1058): Illuminate\Container\Container->make()
#25 /opt/librenms/vendor/laravel/framework/src/Illuminate/Container/Container.php(1805): Illuminate\Foundation\Application->make()
#26 /opt/librenms/vendor/laravel/framework/src/Illuminate/Support/Facades/Facade.php(240): Illuminate\Container\Container->offsetGet()
#27 /opt/librenms/vendor/laravel/framework/src/Illuminate/Support/Facades/Facade.php(211): Illuminate\Support\Facades\Facade::resolveFacadeInstance()
#28 /opt/librenms/vendor/laravel/framework/src/Illuminate/Support/Facades/Facade.php(357): Illuminate\Support\Facades\Facade::getFacadeRoot()
#29 /opt/librenms/routes/console.php(182): Illuminate\Support\Facades\Facade::__callStatic()
#30 /opt/librenms/vendor/laravel/framework/src/Illuminate/Foundation/Console/Kernel.php(523): require('...')
#31 /opt/librenms/vendor/laravel/framework/src/Illuminate/Foundation/Console/Kernel.php(503): Illuminate\Foundation\Console\Kernel->discoverCommands()
#32 /opt/librenms/LibreNMS/Util/Laravel.php(46): Illuminate\Foundation\Console\Kernel->bootstrap()
#33 /opt/librenms/includes/init.php(83): LibreNMS\Util\Laravel::bootCli()
#34 /opt/librenms/syslog.php(12): require('...')
#35 {main}  
[2026-07-02T08:20:18][ERROR] SQLSTATE[42S02]: Base table or view not found: 1146 Table 'librenms.devices' doesn't exist (Connection: dbFacile, SQL: SELECT `device_id` FROM devices WHERE `hostname` = librenms-syslogng OR `sysName` = librenms-syslogng)#0 /opt/librenms/includes/syslog.php(15): dbFetchCell()
#1 /opt/librenms/includes/syslog.php(60): get_cache()
#2 /opt/librenms/syslog.php(22): process_syslog()
#3 {main}  
[2026-07-02T08:20:18][ERROR] SQLSTATE[42S02]: Base table or view not found: 1146 Table 'librenms.ipv4_addresses' doesn't exist (Connection: dbFacile, SQL: SELECT `device_id` FROM `ipv4_addresses` AS A, `ports` AS I WHERE A.ipv4_address = librenms-syslogng AND I.port_id = A.port_id)#0 /opt/librenms/includes/syslog.php(21): dbFetchCell()
#1 /opt/librenms/includes/syslog.php(60): get_cache()
#2 /opt/librenms/syslog.php(22): process_syslog()
#3 {main}  
[2026-07-02T08:22:06][ALERT] INFO: device:discover 10.10.10.10 (1) discovered in 13.471s  
[2026-07-02T08:22:09][ALERT] INFO: device:poll 10.10.10.10 (1) polled in 2.416s  
[2026-07-02T08:27:09][ALERT] INFO: device:poll 10.10.10.10 (1) polled in 2.064s  
[2026-07-02T08:32:09][ALERT] INFO: device:poll 10.10.10.10 (1) polled in 2.025s  
[2026-07-02T08:37:09][ALERT] INFO: device:poll 10.10.10.10 (1) polled in 1.931s  
[2026-07-02T08:42:10][ALERT] INFO: device:poll 10.10.10.10 (1) polled in 2.083s  
[2026-07-02T08:47:10][ALERT] INFO: device:poll 10.10.10.10 (1) polled in 2.168s  
[2026-07-02T08:52:10][ALERT] INFO: device:poll 10.10.10.10 (1) polled in 2.017s  
[2026-07-02T08:57:10][ALERT] INFO: device:poll 10.10.10.10 (1) polled in 1.899s  
[2026-07-02T09:02:11][ALERT] INFO: device:poll 10.10.10.10 (1) polled in 1.967s  
[2026-07-02T09:07:12][ALERT] INFO: device:poll 10.10.10.10 (1) polled in 1.899s  
[2026-07-02T09:12:13][ALERT] INFO: device:poll 10.10.10.10 (1) polled in 1.891s  
[2026-07-02T09:17:13][ALERT] INFO: device:poll 10.10.10.10 (1) polled in 1.901s  
[2026-07-02T09:22:13][ALERT] INFO: device:poll 10.10.10.10 (1) polled in 1.897s  
[2026-07-02T09:27:13][ALERT] INFO: device:poll 10.10.10.10 (1) polled in 1.893s  
[2026-07-02T09:32:13][ALERT] INFO: device:poll 10.10.10.10 (1) polled in 1.893s  
[2026-07-02T09:37:13][ALERT] INFO: device:poll 10.10.10.10 (1) polled in 1.897s  
[2026-07-02T09:42:13][ALERT] INFO: device:poll 10.10.10.10 (1) polled in 1.898s  
[2026-07-02T09:47:13][ALERT] INFO: device:poll 10.10.10.10 (1) polled in 1.890s  
[2026-07-02T09:52:13][ALERT] INFO: device:poll 10.10.10.10 (1) polled in 1.994s  
